<?xml version="1.0" encoding="UTF-8"?>
<testsuite xmlns:xsi="http://www.w3.org/2001/XMLSchema-instance" xsi:noNamespaceSchemaLocation="https://maven.apache.org/surefire/maven-surefire-plugin/xsd/surefire-test-report.xsd" name="guru.springframework.msscbrewery.web.controller.BeerControllerTest" time="1.833" tests="3" errors="0" skipped="0" failures="1">
  <properties>
    <property name="awt.toolkit" value="sun.awt.X11.XToolkit"/>
    <property name="java.specification.version" value="11"/>
    <property name="sun.cpu.isalist" value=""/>
    <property name="sun.jnu.encoding" value="UTF-8"/>
    <property name="java.class.path" value="/home/muhamedsuhail/Suhail/Practice/microservices/springBoot-Microservices/brewery-rest-docs/target/test-classes:/home/muhamedsuhail/Suhail/Practice/microservices/springBoot-Microservices/brewery-rest-docs/target/classes:/home/muhamedsuhail/.m2/repository/org/springframework/boot/spring-boot-starter-actuator/2.6.4/spring-boot-starter-actuator-2.6.4.jar:/home/muhamedsuhail/.m2/repository/org/springframework/boot/spring-boot-starter/2.6.4/spring-boot-starter-2.6.4.jar:/home/muhamedsuhail/.m2/repository/org/springframework/boot/spring-boot-starter-logging/2.6.4/spring-boot-starter-logging-2.6.4.jar:/home/muhamedsuhail/.m2/repository/ch/qos/logback/logback-classic/1.2.10/logback-classic-1.2.10.jar:/home/muhamedsuhail/.m2/repository/ch/qos/logback/logback-core/1.2.10/logback-core-1.2.10.jar:/home/muhamedsuhail/.m2/repository/org/apache/logging/log4j/log4j-to-slf4j/2.17.1/log4j-to-slf4j-2.17.1.jar:/home/muhamedsuhail/.m2/repository/org/apache/logging/log4j/log4j-api/2.17.1/log4j-api-2.17.1.jar:/home/muhamedsuhail/.m2/repository/org/slf4j/jul-to-slf4j/1.7.36/jul-to-slf4j-1.7.36.jar:/home/muhamedsuhail/.m2/repository/jakarta/annotation/jakarta.annotation-api/1.3.5/jakarta.annotation-api-1.3.5.jar:/home/muhamedsuhail/.m2/repository/org/yaml/snakeyaml/1.29/snakeyaml-1.29.jar:/home/muhamedsuhail/.m2/repository/org/springframework/boot/spring-boot-actuator-autoconfigure/2.6.4/spring-boot-actuator-autoconfigure-2.6.4.jar:/home/muhamedsuhail/.m2/repository/org/springframework/boot/spring-boot-actuator/2.6.4/spring-boot-actuator-2.6.4.jar:/home/muhamedsuhail/.m2/repository/com/fasterxml/jackson/core/jackson-databind/2.13.1/jackson-databind-2.13.1.jar:/home/muhamedsuhail/.m2/repository/com/fasterxml/jackson/core/jackson-annotations/2.13.1/jackson-annotations-2.13.1.jar:/home/muhamedsuhail/.m2/repository/com/fasterxml/jackson/core/jackson-core/2.13.1/jackson-core-2.13.1.jar:/home/muhamedsuhail/.m2/repository/com/fasterxml/jackson/datatype/jackson-datatype-jsr310/2.13.1/jackson-datatype-jsr310-2.13.1.jar:/home/muhamedsuhail/.m2/repository/io/micrometer/micrometer-core/1.8.3/micrometer-core-1.8.3.jar:/home/muhamedsuhail/.m2/repository/org/hdrhistogram/HdrHistogram/2.1.12/HdrHistogram-2.1.12.jar:/home/muhamedsuhail/.m2/repository/org/latencyutils/LatencyUtils/2.0.3/LatencyUtils-2.0.3.jar:/home/muhamedsuhail/.m2/repository/org/springframework/boot/spring-boot-starter-web/2.6.4/spring-boot-starter-web-2.6.4.jar:/home/muhamedsuhail/.m2/repository/org/springframework/boot/spring-boot-starter-json/2.6.4/spring-boot-starter-json-2.6.4.jar:/home/muhamedsuhail/.m2/repository/com/fasterxml/jackson/datatype/jackson-datatype-jdk8/2.13.1/jackson-datatype-jdk8-2.13.1.jar:/home/muhamedsuhail/.m2/repository/com/fasterxml/jackson/module/jackson-module-parameter-names/2.13.1/jackson-module-parameter-names-2.13.1.jar:/home/muhamedsuhail/.m2/repository/org/springframework/boot/spring-boot-starter-tomcat/2.6.4/spring-boot-starter-tomcat-2.6.4.jar:/home/muhamedsuhail/.m2/repository/org/apache/tomcat/embed/tomcat-embed-core/9.0.58/tomcat-embed-core-9.0.58.jar:/home/muhamedsuhail/.m2/repository/org/apache/tomcat/embed/tomcat-embed-websocket/9.0.58/tomcat-embed-websocket-9.0.58.jar:/home/muhamedsuhail/.m2/repository/org/springframework/spring-web/5.3.16/spring-web-5.3.16.jar:/home/muhamedsuhail/.m2/repository/org/springframework/spring-beans/5.3.16/spring-beans-5.3.16.jar:/home/muhamedsuhail/.m2/repository/org/springframework/spring-webmvc/5.3.16/spring-webmvc-5.3.16.jar:/home/muhamedsuhail/.m2/repository/org/springframework/spring-aop/5.3.16/spring-aop-5.3.16.jar:/home/muhamedsuhail/.m2/repository/org/springframework/spring-context/5.3.16/spring-context-5.3.16.jar:/home/muhamedsuhail/.m2/repository/org/springframework/spring-expression/5.3.16/spring-expression-5.3.16.jar:/home/muhamedsuhail/.m2/repository/org/springframework/boot/spring-boot-devtools/2.6.4/spring-boot-devtools-2.6.4.jar:/home/muhamedsuhail/.m2/repository/org/springframework/boot/spring-boot/2.6.4/spring-boot-2.6.4.jar:/home/muhamedsuhail/.m2/repository/org/springframework/boot/spring-boot-autoconfigure/2.6.4/spring-boot-autoconfigure-2.6.4.jar:/home/muhamedsuhail/.m2/repository/org/projectlombok/lombok/1.18.22/lombok-1.18.22.jar:/home/muhamedsuhail/.m2/repository/org/mapstruct/mapstruct/1.4.2.Final/mapstruct-1.4.2.Final.jar:/home/muhamedsuhail/.m2/repository/org/springframework/boot/spring-boot-starter-validation/2.6.4/spring-boot-starter-validation-2.6.4.jar:/home/muhamedsuhail/.m2/repository/org/apache/tomcat/embed/tomcat-embed-el/9.0.58/tomcat-embed-el-9.0.58.jar:/home/muhamedsuhail/.m2/repository/org/hibernate/validator/hibernate-validator/6.2.2.Final/hibernate-validator-6.2.2.Final.jar:/home/muhamedsuhail/.m2/repository/jakarta/validation/jakarta.validation-api/2.0.2/jakarta.validation-api-2.0.2.jar:/home/muhamedsuhail/.m2/repository/org/jboss/logging/jboss-logging/3.4.3.Final/jboss-logging-3.4.3.Final.jar:/home/muhamedsuhail/.m2/repository/com/fasterxml/classmate/1.5.1/classmate-1.5.1.jar:/home/muhamedsuhail/.m2/repository/org/springframework/boot/spring-boot-starter-test/2.6.4/spring-boot-starter-test-2.6.4.jar:/home/muhamedsuhail/.m2/repository/org/springframework/boot/spring-boot-test/2.6.4/spring-boot-test-2.6.4.jar:/home/muhamedsuhail/.m2/repository/org/springframework/boot/spring-boot-test-autoconfigure/2.6.4/spring-boot-test-autoconfigure-2.6.4.jar:/home/muhamedsuhail/.m2/repository/com/jayway/jsonpath/json-path/2.6.0/json-path-2.6.0.jar:/home/muhamedsuhail/.m2/repository/net/minidev/json-smart/2.4.8/json-smart-2.4.8.jar:/home/muhamedsuhail/.m2/repository/net/minidev/accessors-smart/2.4.8/accessors-smart-2.4.8.jar:/home/muhamedsuhail/.m2/repository/org/ow2/asm/asm/9.1/asm-9.1.jar:/home/muhamedsuhail/.m2/repository/org/slf4j/slf4j-api/1.7.36/slf4j-api-1.7.36.jar:/home/muhamedsuhail/.m2/repository/jakarta/xml/bind/jakarta.xml.bind-api/2.3.3/jakarta.xml.bind-api-2.3.3.jar:/home/muhamedsuhail/.m2/repository/jakarta/activation/jakarta.activation-api/1.2.2/jakarta.activation-api-1.2.2.jar:/home/muhamedsuhail/.m2/repository/org/assertj/assertj-core/3.21.0/assertj-core-3.21.0.jar:/home/muhamedsuhail/.m2/repository/org/hamcrest/hamcrest/2.2/hamcrest-2.2.jar:/home/muhamedsuhail/.m2/repository/org/mockito/mockito-core/4.0.0/mockito-core-4.0.0.jar:/home/muhamedsuhail/.m2/repository/net/bytebuddy/byte-buddy/1.11.22/byte-buddy-1.11.22.jar:/home/muhamedsuhail/.m2/repository/net/bytebuddy/byte-buddy-agent/1.11.22/byte-buddy-agent-1.11.22.jar:/home/muhamedsuhail/.m2/repository/org/objenesis/objenesis/3.2/objenesis-3.2.jar:/home/muhamedsuhail/.m2/repository/org/mockito/mockito-junit-jupiter/4.0.0/mockito-junit-jupiter-4.0.0.jar:/home/muhamedsuhail/.m2/repository/org/skyscreamer/jsonassert/1.5.0/jsonassert-1.5.0.jar:/home/muhamedsuhail/.m2/repository/com/vaadin/external/google/android-json/0.0.20131108.vaadin1/android-json-0.0.20131108.vaadin1.jar:/home/muhamedsuhail/.m2/repository/org/springframework/spring-core/5.3.16/spring-core-5.3.16.jar:/home/muhamedsuhail/.m2/repository/org/springframework/spring-jcl/5.3.16/spring-jcl-5.3.16.jar:/home/muhamedsuhail/.m2/repository/org/springframework/spring-test/5.3.16/spring-test-5.3.16.jar:/home/muhamedsuhail/.m2/repository/org/xmlunit/xmlunit-core/2.8.4/xmlunit-core-2.8.4.jar:/home/muhamedsuhail/.m2/repository/org/junit/jupiter/junit-jupiter/5.8.2/junit-jupiter-5.8.2.jar:/home/muhamedsuhail/.m2/repository/org/junit/jupiter/junit-jupiter-api/5.8.2/junit-jupiter-api-5.8.2.jar:/home/muhamedsuhail/.m2/repository/org/opentest4j/opentest4j/1.2.0/opentest4j-1.2.0.jar:/home/muhamedsuhail/.m2/repository/org/junit/platform/junit-platform-commons/1.8.2/junit-platform-commons-1.8.2.jar:/home/muhamedsuhail/.m2/repository/org/apiguardian/apiguardian-api/1.1.2/apiguardian-api-1.1.2.jar:/home/muhamedsuhail/.m2/repository/org/junit/jupiter/junit-jupiter-params/5.8.2/junit-jupiter-params-5.8.2.jar:/home/muhamedsuhail/.m2/repository/org/junit/jupiter/junit-jupiter-engine/5.8.2/junit-jupiter-engine-5.8.2.jar:/home/muhamedsuhail/.m2/repository/org/junit/platform/junit-platform-engine/1.8.2/junit-platform-engine-1.8.2.jar:/home/muhamedsuhail/.m2/repository/org/springframework/restdocs/spring-restdocs-mockmvc/2.0.6.RELEASE/spring-restdocs-mockmvc-2.0.6.RELEASE.jar:/home/muhamedsuhail/.m2/repository/org/springframework/restdocs/spring-restdocs-core/2.0.6.RELEASE/spring-restdocs-core-2.0.6.RELEASE.jar:/home/muhamedsuhail/.m2/repository/javax/servlet/javax.servlet-api/4.0.1/javax.servlet-api-4.0.1.jar:"/>
    <property name="java.vm.vendor" value="Oracle Corporation"/>
    <property name="sun.arch.data.model" value="64"/>
    <property name="java.vendor.url" value="https://openjdk.java.net/"/>
    <property name="user.timezone" value=""/>
    <property name="java.vm.specification.version" value="11"/>
    <property name="os.name" value="Linux"/>
    <property name="sun.java.launcher" value="SUN_STANDARD"/>
    <property name="user.country" value="IN"/>
    <property name="sun.boot.library.path" value="/usr/lib/jvm/java-11-openjdk/lib"/>
    <property name="sun.java.command" value="/home/muhamedsuhail/Suhail/Practice/microservices/springBoot-Microservices/brewery-rest-docs/target/surefire/surefirebooter2014774730518008315.jar /home/muhamedsuhail/Suhail/Practice/microservices/springBoot-Microservices/brewery-rest-docs/target/surefire 2022-04-04T15-41-06_335-jvmRun1 surefire14694597576051771101tmp surefire_014910989299077213759tmp"/>
    <property name="jdk.debug" value="release"/>
    <property name="surefire.test.class.path" value="/home/muhamedsuhail/Suhail/Practice/microservices/springBoot-Microservices/brewery-rest-docs/target/test-classes:/home/muhamedsuhail/Suhail/Practice/microservices/springBoot-Microservices/brewery-rest-docs/target/classes:/home/muhamedsuhail/.m2/repository/org/springframework/boot/spring-boot-starter-actuator/2.6.4/spring-boot-starter-actuator-2.6.4.jar:/home/muhamedsuhail/.m2/repository/org/springframework/boot/spring-boot-starter/2.6.4/spring-boot-starter-2.6.4.jar:/home/muhamedsuhail/.m2/repository/org/springframework/boot/spring-boot-starter-logging/2.6.4/spring-boot-starter-logging-2.6.4.jar:/home/muhamedsuhail/.m2/repository/ch/qos/logback/logback-classic/1.2.10/logback-classic-1.2.10.jar:/home/muhamedsuhail/.m2/repository/ch/qos/logback/logback-core/1.2.10/logback-core-1.2.10.jar:/home/muhamedsuhail/.m2/repository/org/apache/logging/log4j/log4j-to-slf4j/2.17.1/log4j-to-slf4j-2.17.1.jar:/home/muhamedsuhail/.m2/repository/org/apache/logging/log4j/log4j-api/2.17.1/log4j-api-2.17.1.jar:/home/muhamedsuhail/.m2/repository/org/slf4j/jul-to-slf4j/1.7.36/jul-to-slf4j-1.7.36.jar:/home/muhamedsuhail/.m2/repository/jakarta/annotation/jakarta.annotation-api/1.3.5/jakarta.annotation-api-1.3.5.jar:/home/muhamedsuhail/.m2/repository/org/yaml/snakeyaml/1.29/snakeyaml-1.29.jar:/home/muhamedsuhail/.m2/repository/org/springframework/boot/spring-boot-actuator-autoconfigure/2.6.4/spring-boot-actuator-autoconfigure-2.6.4.jar:/home/muhamedsuhail/.m2/repository/org/springframework/boot/spring-boot-actuator/2.6.4/spring-boot-actuator-2.6.4.jar:/home/muhamedsuhail/.m2/repository/com/fasterxml/jackson/core/jackson-databind/2.13.1/jackson-databind-2.13.1.jar:/home/muhamedsuhail/.m2/repository/com/fasterxml/jackson/core/jackson-annotations/2.13.1/jackson-annotations-2.13.1.jar:/home/muhamedsuhail/.m2/repository/com/fasterxml/jackson/core/jackson-core/2.13.1/jackson-core-2.13.1.jar:/home/muhamedsuhail/.m2/repository/com/fasterxml/jackson/datatype/jackson-datatype-jsr310/2.13.1/jackson-datatype-jsr310-2.13.1.jar:/home/muhamedsuhail/.m2/repository/io/micrometer/micrometer-core/1.8.3/micrometer-core-1.8.3.jar:/home/muhamedsuhail/.m2/repository/org/hdrhistogram/HdrHistogram/2.1.12/HdrHistogram-2.1.12.jar:/home/muhamedsuhail/.m2/repository/org/latencyutils/LatencyUtils/2.0.3/LatencyUtils-2.0.3.jar:/home/muhamedsuhail/.m2/repository/org/springframework/boot/spring-boot-starter-web/2.6.4/spring-boot-starter-web-2.6.4.jar:/home/muhamedsuhail/.m2/repository/org/springframework/boot/spring-boot-starter-json/2.6.4/spring-boot-starter-json-2.6.4.jar:/home/muhamedsuhail/.m2/repository/com/fasterxml/jackson/datatype/jackson-datatype-jdk8/2.13.1/jackson-datatype-jdk8-2.13.1.jar:/home/muhamedsuhail/.m2/repository/com/fasterxml/jackson/module/jackson-module-parameter-names/2.13.1/jackson-module-parameter-names-2.13.1.jar:/home/muhamedsuhail/.m2/repository/org/springframework/boot/spring-boot-starter-tomcat/2.6.4/spring-boot-starter-tomcat-2.6.4.jar:/home/muhamedsuhail/.m2/repository/org/apache/tomcat/embed/tomcat-embed-core/9.0.58/tomcat-embed-core-9.0.58.jar:/home/muhamedsuhail/.m2/repository/org/apache/tomcat/embed/tomcat-embed-websocket/9.0.58/tomcat-embed-websocket-9.0.58.jar:/home/muhamedsuhail/.m2/repository/org/springframework/spring-web/5.3.16/spring-web-5.3.16.jar:/home/muhamedsuhail/.m2/repository/org/springframework/spring-beans/5.3.16/spring-beans-5.3.16.jar:/home/muhamedsuhail/.m2/repository/org/springframework/spring-webmvc/5.3.16/spring-webmvc-5.3.16.jar:/home/muhamedsuhail/.m2/repository/org/springframework/spring-aop/5.3.16/spring-aop-5.3.16.jar:/home/muhamedsuhail/.m2/repository/org/springframework/spring-context/5.3.16/spring-context-5.3.16.jar:/home/muhamedsuhail/.m2/repository/org/springframework/spring-expression/5.3.16/spring-expression-5.3.16.jar:/home/muhamedsuhail/.m2/repository/org/springframework/boot/spring-boot-devtools/2.6.4/spring-boot-devtools-2.6.4.jar:/home/muhamedsuhail/.m2/repository/org/springframework/boot/spring-boot/2.6.4/spring-boot-2.6.4.jar:/home/muhamedsuhail/.m2/repository/org/springframework/boot/spring-boot-autoconfigure/2.6.4/spring-boot-autoconfigure-2.6.4.jar:/home/muhamedsuhail/.m2/repository/org/projectlombok/lombok/1.18.22/lombok-1.18.22.jar:/home/muhamedsuhail/.m2/repository/org/mapstruct/mapstruct/1.4.2.Final/mapstruct-1.4.2.Final.jar:/home/muhamedsuhail/.m2/repository/org/springframework/boot/spring-boot-starter-validation/2.6.4/spring-boot-starter-validation-2.6.4.jar:/home/muhamedsuhail/.m2/repository/org/apache/tomcat/embed/tomcat-embed-el/9.0.58/tomcat-embed-el-9.0.58.jar:/home/muhamedsuhail/.m2/repository/org/hibernate/validator/hibernate-validator/6.2.2.Final/hibernate-validator-6.2.2.Final.jar:/home/muhamedsuhail/.m2/repository/jakarta/validation/jakarta.validation-api/2.0.2/jakarta.validation-api-2.0.2.jar:/home/muhamedsuhail/.m2/repository/org/jboss/logging/jboss-logging/3.4.3.Final/jboss-logging-3.4.3.Final.jar:/home/muhamedsuhail/.m2/repository/com/fasterxml/classmate/1.5.1/classmate-1.5.1.jar:/home/muhamedsuhail/.m2/repository/org/springframework/boot/spring-boot-starter-test/2.6.4/spring-boot-starter-test-2.6.4.jar:/home/muhamedsuhail/.m2/repository/org/springframework/boot/spring-boot-test/2.6.4/spring-boot-test-2.6.4.jar:/home/muhamedsuhail/.m2/repository/org/springframework/boot/spring-boot-test-autoconfigure/2.6.4/spring-boot-test-autoconfigure-2.6.4.jar:/home/muhamedsuhail/.m2/repository/com/jayway/jsonpath/json-path/2.6.0/json-path-2.6.0.jar:/home/muhamedsuhail/.m2/repository/net/minidev/json-smart/2.4.8/json-smart-2.4.8.jar:/home/muhamedsuhail/.m2/repository/net/minidev/accessors-smart/2.4.8/accessors-smart-2.4.8.jar:/home/muhamedsuhail/.m2/repository/org/ow2/asm/asm/9.1/asm-9.1.jar:/home/muhamedsuhail/.m2/repository/org/slf4j/slf4j-api/1.7.36/slf4j-api-1.7.36.jar:/home/muhamedsuhail/.m2/repository/jakarta/xml/bind/jakarta.xml.bind-api/2.3.3/jakarta.xml.bind-api-2.3.3.jar:/home/muhamedsuhail/.m2/repository/jakarta/activation/jakarta.activation-api/1.2.2/jakarta.activation-api-1.2.2.jar:/home/muhamedsuhail/.m2/repository/org/assertj/assertj-core/3.21.0/assertj-core-3.21.0.jar:/home/muhamedsuhail/.m2/repository/org/hamcrest/hamcrest/2.2/hamcrest-2.2.jar:/home/muhamedsuhail/.m2/repository/org/mockito/mockito-core/4.0.0/mockito-core-4.0.0.jar:/home/muhamedsuhail/.m2/repository/net/bytebuddy/byte-buddy/1.11.22/byte-buddy-1.11.22.jar:/home/muhamedsuhail/.m2/repository/net/bytebuddy/byte-buddy-agent/1.11.22/byte-buddy-agent-1.11.22.jar:/home/muhamedsuhail/.m2/repository/org/objenesis/objenesis/3.2/objenesis-3.2.jar:/home/muhamedsuhail/.m2/repository/org/mockito/mockito-junit-jupiter/4.0.0/mockito-junit-jupiter-4.0.0.jar:/home/muhamedsuhail/.m2/repository/org/skyscreamer/jsonassert/1.5.0/jsonassert-1.5.0.jar:/home/muhamedsuhail/.m2/repository/com/vaadin/external/google/android-json/0.0.20131108.vaadin1/android-json-0.0.20131108.vaadin1.jar:/home/muhamedsuhail/.m2/repository/org/springframework/spring-core/5.3.16/spring-core-5.3.16.jar:/home/muhamedsuhail/.m2/repository/org/springframework/spring-jcl/5.3.16/spring-jcl-5.3.16.jar:/home/muhamedsuhail/.m2/repository/org/springframework/spring-test/5.3.16/spring-test-5.3.16.jar:/home/muhamedsuhail/.m2/repository/org/xmlunit/xmlunit-core/2.8.4/xmlunit-core-2.8.4.jar:/home/muhamedsuhail/.m2/repository/org/junit/jupiter/junit-jupiter/5.8.2/junit-jupiter-5.8.2.jar:/home/muhamedsuhail/.m2/repository/org/junit/jupiter/junit-jupiter-api/5.8.2/junit-jupiter-api-5.8.2.jar:/home/muhamedsuhail/.m2/repository/org/opentest4j/opentest4j/1.2.0/opentest4j-1.2.0.jar:/home/muhamedsuhail/.m2/repository/org/junit/platform/junit-platform-commons/1.8.2/junit-platform-commons-1.8.2.jar:/home/muhamedsuhail/.m2/repository/org/apiguardian/apiguardian-api/1.1.2/apiguardian-api-1.1.2.jar:/home/muhamedsuhail/.m2/repository/org/junit/jupiter/junit-jupiter-params/5.8.2/junit-jupiter-params-5.8.2.jar:/home/muhamedsuhail/.m2/repository/org/junit/jupiter/junit-jupiter-engine/5.8.2/junit-jupiter-engine-5.8.2.jar:/home/muhamedsuhail/.m2/repository/org/junit/platform/junit-platform-engine/1.8.2/junit-platform-engine-1.8.2.jar:/home/muhamedsuhail/.m2/repository/org/springframework/restdocs/spring-restdocs-mockmvc/2.0.6.RELEASE/spring-restdocs-mockmvc-2.0.6.RELEASE.jar:/home/muhamedsuhail/.m2/repository/org/springframework/restdocs/spring-restdocs-core/2.0.6.RELEASE/spring-restdocs-core-2.0.6.RELEASE.jar:/home/muhamedsuhail/.m2/repository/javax/servlet/javax.servlet-api/4.0.1/javax.servlet-api-4.0.1.jar:"/>
    <property name="sun.cpu.endian" value="little"/>
    <property name="user.home" value="/home/muhamedsuhail"/>
    <property name="user.language" value="en"/>
    <property name="java.specification.vendor" value="Oracle Corporation"/>
    <property name="java.version.date" value="2022-04-19"/>
    <property name="java.home" value="/usr/lib/jvm/java-11-openjdk"/>
    <property name="file.separator" value="/"/>
    <property name="basedir" value="/home/muhamedsuhail/Suhail/Practice/microservices/springBoot-Microservices/brewery-rest-docs"/>
    <property name="java.vm.compressedOopsMode" value="Zero based"/>
    <property name="line.separator" value="&#10;"/>
    <property name="java.specification.name" value="Java Platform API Specification"/>
    <property name="java.vm.specification.vendor" value="Oracle Corporation"/>
    <property name="java.awt.graphicsenv" value="sun.awt.X11GraphicsEnvironment"/>
    <property name="surefire.real.class.path" value="/home/muhamedsuhail/Suhail/Practice/microservices/springBoot-Microservices/brewery-rest-docs/target/surefire/surefirebooter2014774730518008315.jar"/>
    <property name="sun.management.compiler" value="HotSpot 64-Bit Tiered Compilers"/>
    <property name="java.runtime.version" value="11.0.15+3"/>
    <property name="user.name" value="muhamedsuhail"/>
    <property name="path.separator" value=":"/>
    <property name="os.version" value="5.13.19-2-MANJARO"/>
    <property name="java.runtime.name" value="OpenJDK Runtime Environment"/>
    <property name="file.encoding" value="UTF-8"/>
    <property name="java.vm.name" value="OpenJDK 64-Bit Server VM"/>
    <property name="localRepository" value="/home/muhamedsuhail/.m2/repository"/>
    <property name="java.vendor.url.bug" value="https://bugreport.java.com/bugreport/"/>
    <property name="java.io.tmpdir" value="/tmp"/>
    <property name="idea.version" value="2021.3.2"/>
    <property name="java.version" value="11.0.15"/>
    <property name="user.dir" value="/home/muhamedsuhail/Suhail/Practice/microservices/springBoot-Microservices/brewery-rest-docs"/>
    <property name="os.arch" value="amd64"/>
    <property name="java.vm.specification.name" value="Java Virtual Machine Specification"/>
    <property name="java.awt.printerjob" value="sun.print.PSPrinterJob"/>
    <property name="sun.os.patch.level" value="unknown"/>
    <property name="java.library.path" value="/usr/java/packages/lib:/usr/lib64:/lib64:/lib:/usr/lib"/>
    <property name="java.vm.info" value="mixed mode"/>
    <property name="java.vendor" value="Oracle Corporation"/>
    <property name="java.vm.version" value="11.0.15+3"/>
    <property name="sun.io.unicode.encoding" value="UnicodeLittle"/>
    <property name="java.class.version" value="55.0"/>
  </properties>
  <testcase name="handleUpdate" classname="guru.springframework.msscbrewery.web.controller.BeerControllerTest" time="0.564">
    <failure message="Status expected:&lt;204&gt; but was:&lt;400&gt;" type="java.lang.AssertionError"><![CDATA[java.lang.AssertionError: Status expected:<204> but was:<400>
	at guru.springframework.msscbrewery.web.controller.BeerControllerTest.handleUpdate(BeerControllerTest.java:129)
]]></failure>
    <system-out><![CDATA[2022-04-04 15:41:14.377  INFO 167665 --- [           main] .b.t.a.w.s.WebMvcTestContextBootstrapper : Neither @ContextConfiguration nor @ContextHierarchy found for test class [guru.springframework.msscbrewery.web.controller.BeerControllerTest], using SpringBootContextLoader
2022-04-04 15:41:14.379  INFO 167665 --- [           main] o.s.t.c.support.AbstractContextLoader    : Could not detect default resource locations for test class [guru.springframework.msscbrewery.web.controller.BeerControllerTest]: no resource found for suffixes {-context.xml, Context.groovy}.
2022-04-04 15:41:14.379  INFO 167665 --- [           main] t.c.s.AnnotationConfigContextLoaderUtils : Could not detect default configuration classes for test class [guru.springframework.msscbrewery.web.controller.BeerControllerTest]: BeerControllerTest does not declare any static, non-private, non-final, nested classes annotated with @Configuration.
2022-04-04 15:41:14.418  INFO 167665 --- [           main] .b.t.c.SpringBootTestContextBootstrapper : Found @SpringBootConfiguration guru.springframework.msscbrewery.MsscBreweryApplication for test class guru.springframework.msscbrewery.web.controller.BeerControllerTest
2022-04-04 15:41:14.420  INFO 167665 --- [           main] .b.t.a.w.s.WebMvcTestContextBootstrapper : Loaded default TestExecutionListener class names from location [META-INF/spring.factories]: [org.springframework.boot.test.mock.mockito.MockitoTestExecutionListener, org.springframework.boot.test.mock.mockito.ResetMocksTestExecutionListener, org.springframework.boot.test.autoconfigure.restdocs.RestDocsTestExecutionListener, org.springframework.boot.test.autoconfigure.web.client.MockRestServiceServerResetTestExecutionListener, org.springframework.boot.test.autoconfigure.web.servlet.MockMvcPrintOnlyOnFailureTestExecutionListener, org.springframework.boot.test.autoconfigure.web.servlet.WebDriverTestExecutionListener, org.springframework.boot.test.autoconfigure.webservices.client.MockWebServiceServerTestExecutionListener, org.springframework.test.context.web.ServletTestExecutionListener, org.springframework.test.context.support.DirtiesContextBeforeModesTestExecutionListener, org.springframework.test.context.event.ApplicationEventsTestExecutionListener, org.springframework.test.context.support.DependencyInjectionTestExecutionListener, org.springframework.test.context.support.DirtiesContextTestExecutionListener, org.springframework.test.context.transaction.TransactionalTestExecutionListener, org.springframework.test.context.jdbc.SqlScriptsTestExecutionListener, org.springframework.test.context.event.EventPublishingTestExecutionListener]
2022-04-04 15:41:14.422  INFO 167665 --- [           main] .b.t.a.w.s.WebMvcTestContextBootstrapper : Using TestExecutionListeners: [org.springframework.test.context.web.ServletTestExecutionListener@2ab9e43e, org.springframework.test.context.support.DirtiesContextBeforeModesTestExecutionListener@10dfa7ef, org.springframework.test.context.event.ApplicationEventsTestExecutionListener@4fd80300, org.springframework.boot.test.mock.mockito.MockitoTestExecutionListener@1805383, org.springframework.boot.test.autoconfigure.SpringBootDependencyInjectionTestExecutionListener@64fdcf99, org.springframework.test.context.support.DirtiesContextTestExecutionListener@9f0fc36, org.springframework.test.context.event.EventPublishingTestExecutionListener@63f2e0b, org.springframework.boot.test.mock.mockito.ResetMocksTestExecutionListener@5a06904, org.springframework.boot.test.autoconfigure.restdocs.RestDocsTestExecutionListener@fabef2e, org.springframework.boot.test.autoconfigure.web.client.MockRestServiceServerResetTestExecutionListener@1b4a3a1, org.springframework.boot.test.autoconfigure.web.servlet.MockMvcPrintOnlyOnFailureTestExecutionListener@7e848aea, org.springframework.boot.test.autoconfigure.web.servlet.WebDriverTestExecutionListener@786a3477, org.springframework.boot.test.autoconfigure.webservices.client.MockWebServiceServerTestExecutionListener@286866cb]

  .   ____          _            __ _ _
 /\\ / ___'_ __ _ _(_)_ __  __ _ \ \ \ \
( ( )\___ | '_ | '_| | '_ \/ _` | \ \ \ \
 \\/  ___)| |_)| | | | | || (_| |  ) ) ) )
  '  |____| .__|_| |_|_| |_\__, | / / / /
 =========|_|==============|___/=/_/_/_/
 :: Spring Boot ::                (v2.6.4)

2022-04-04 15:41:14.502  INFO 167665 --- [           main] g.s.m.web.controller.BeerControllerTest  : Starting BeerControllerTest using Java 11.0.15 on Suhail-inspiron5558 with PID 167665 (started by muhamedsuhail in /home/muhamedsuhail/Suhail/Practice/microservices/springBoot-Microservices/brewery-rest-docs)
2022-04-04 15:41:14.503  INFO 167665 --- [           main] g.s.m.web.controller.BeerControllerTest  : No active profile set, falling back to 1 default profile: "default"
2022-04-04 15:41:15.349  INFO 167665 --- [           main] o.s.b.t.m.w.SpringBootMockServletContext : Initializing Spring TestDispatcherServlet ''
2022-04-04 15:41:15.350  INFO 167665 --- [           main] o.s.t.web.servlet.TestDispatcherServlet  : Initializing Servlet ''
2022-04-04 15:41:15.353  INFO 167665 --- [           main] o.s.t.web.servlet.TestDispatcherServlet  : Completed initialization in 3 ms
2022-04-04 15:41:15.381  INFO 167665 --- [           main] g.s.m.web.controller.BeerControllerTest  : Started BeerControllerTest in 0.954 seconds (JVM running for 8.629)

MockHttpServletRequest:
      HTTP Method = PUT
      Request URI = /api/v1/beer/8da61148-f94a-419a-ac4a-a1369abfabea
       Parameters = {}
          Headers = [Content-Type:"application/json;charset=UTF-8", Content-Length:"148"]
             Body = {"id":"0ddaa42a-e1a1-472e-8598-ef1d586c4867","beerName":"Beer1","beerStyle":"PALE_ALE","upc":123456789012,"createdDate":null,"lastUpdatedDate":null}
    Session Attrs = {}

Handler:
             Type = guru.springframework.msscbrewery.web.controller.BeerController
           Method = guru.springframework.msscbrewery.web.controller.BeerController#handleUpdate(UUID, BeerDto)

Async:
    Async started = false
     Async result = null

Resolved Exception:
             Type = org.springframework.web.bind.MethodArgumentNotValidException

ModelAndView:
        View name = null
             View = null
            Model = null

FlashMap:
       Attributes = null

MockHttpServletResponse:
           Status = 400
    Error message = null
          Headers = [Content-Type:"application/json"]
     Content type = application/json
             Body = [{"codes":["Null.beerDto.id","Null.id","Null.java.util.UUID","Null"],"arguments":[{"codes":["beerDto.id","id"],"arguments":null,"defaultMessage":"id","code":"id"}],"defaultMessage":"must be null","objectName":"beerDto","field":"id","rejectedValue":"0ddaa42a-e1a1-472e-8598-ef1d586c4867","bindingFailure":false,"code":"Null"}]
    Forwarded URL = null
   Redirected URL = null
          Cookies = []
]]></system-out>
  </testcase>
  <testcase name="getBeer" classname="guru.springframework.msscbrewery.web.controller.BeerControllerTest" time="0.293"/>
  <testcase name="handlePost" classname="guru.springframework.msscbrewery.web.controller.BeerControllerTest" time="0.05"/>
</testsuite>